Rscript -e 'testthat::test_file("tests.R", reporter=check_reporter())'
Build directory: /home/dahl/.cache/R/cargo/rust_fn
   Compiling proc-macro2 v1.0.60
   Compiling quote v1.0.28
   Compiling unicode-ident v1.0.9
   Compiling syn v2.0.18
   Compiling roxido_macro v0.5.2 (/home/dahl/.cache/R/cargo/rust_fn/rust/roxido_macro)
   Compiling roxido v0.5.2 (/home/dahl/.cache/R/cargo/rust_fn/rust/roxido)
   Compiling roxido1 v0.1.0 (/home/dahl/.cache/R/cargo/rust_fn/rust)
    Finished release [optimized] target(s) in 3.41s
thread '<unnamed>' panicked at 'called `Result::unwrap()` on an `Err` value: "Logical value is NA"', src/lib.rs:3:35
note: run with `RUST_BACKTRACE=1` environment variable to display a backtrace
thread '<unnamed>' panicked at 'called `Result::unwrap()` on an `Err` value: "Logical value is NA"', src/lib.rs:3:35
thread '<unnamed>' panicked at 'called `Result::unwrap()` on an `Err` value: TryFromIntError(())', src/lib.rs:3:40
note: run with `RUST_BACKTRACE=1` environment variable to display a backtrace
thread '<unnamed>' panicked at 'called `Result::unwrap()` on an `Err` value: "Object is not of the asserted type"', src/lib.rs:3:36
note: run with `RUST_BACKTRACE=1` environment variable to display a backtrace
thread '<unnamed>' panicked at 'called `Result::unwrap()` on an `Err` value: "Object is not of the asserted type"', src/lib.rs:3:36
thread '<unnamed>' panicked at 'Oops, not a double vector', src/lib.rs:5:9
note: run with `RUST_BACKTRACE=1` environment variable to display a backtrace
thread '<unnamed>' panicked at 'Oops, not a double vector', src/lib.rs:5:9
thread '<unnamed>' panicked at 'called `Result::unwrap()` on an `Err` value: "Object is not of the asserted type"', src/lib.rs:3:37
note: run with `RUST_BACKTRACE=1` environment variable to display a backtrace
thread '<unnamed>' panicked at 'called `Result::unwrap()` on an `Err` value: "Object is not of the asserted type"', src/lib.rs:3:37
thread '<unnamed>' panicked at 'called `Result::unwrap()` on an `Err` value: "Object is not of the asserted type"', src/lib.rs:2:34
note: run with `RUST_BACKTRACE=1` environment variable to display a backtrace
thread '<unnamed>' panicked at 'called `Result::unwrap()` on an `Err` value: "Object is not of the asserted type"', src/lib.rs:2:34
thread '<unnamed>' panicked at 'called `Result::unwrap()` on an `Err` value: "Object is not of the asserted type"', src/lib.rs:3:36
note: run with `RUST_BACKTRACE=1` environment variable to display a backtrace
thread '<unnamed>' panicked at 'called `Result::unwrap()` on an `Err` value: "Object is not of the asserted type"', src/lib.rs:3:36
thread '<unnamed>' panicked at 'Oops, not an integer vector', src/lib.rs:5:11
note: run with `RUST_BACKTRACE=1` environment variable to display a backtrace
thread '<unnamed>' panicked at 'Oops, not an integer vector', src/lib.rs:5:11
thread '<unnamed>' panicked at 'called `Result::unwrap()` on an `Err` value: "Object is not of the asserted type"', src/lib.rs:3:37
note: run with `RUST_BACKTRACE=1` environment variable to display a backtrace
thread '<unnamed>' panicked at 'called `Result::unwrap()` on an `Err` value: "Object is not of the asserted type"', src/lib.rs:3:37
thread '<unnamed>' panicked at 'called `Result::unwrap()` on an `Err` value: "Object is not of the asserted type"', src/lib.rs:2:35
note: run with `RUST_BACKTRACE=1` environment variable to display a backtrace
thread '<unnamed>' panicked at 'called `Result::unwrap()` on an `Err` value: "Object is not of the asserted type"', src/lib.rs:2:35
thread '<unnamed>' panicked at 'Index 1 is out of bounds for vector of length 1', roxido/src/r.rs:589:13
note: run with `RUST_BACKTRACE=1` environment variable to display a backtrace
thread '<unnamed>' panicked at 'Index 1 is out of bounds for list of length 1', roxido/src/r.rs:629:13
note: run with `RUST_BACKTRACE=1` environment variable to display a backtrace
thread '<unnamed>' panicked at ''names' is not the same length as vector', roxido/src/r.rs:685:13
note: run with `RUST_BACKTRACE=1` environment variable to display a backtrace
thread '<unnamed>' panicked at 'Not a vector', roxido/src/r.rs:682:13
thread '<unnamed>' panicked at ''value' is not a character vector', roxido/src/r.rs:698:13
note: run with `RUST_BACKTRACE=1` environment variable to display a backtrace
thread '<unnamed>' panicked at ''value' is not a character vector', roxido/src/r.rs:698:13
thread '<unnamed>' panicked at ''value' is not a character vector', roxido/src/r.rs:698:13
Error in (function ()  : An error was thrown!
   Compiling roxido86 v0.1.0 (/home/dahl/.cache/R/cargo/rust_fn/rust)
    Finished release [optimized] target(s) in 0.17s
    Updating crates.io index
   Compiling proc-macro2 v1.0.60
   Compiling unicode-ident v1.0.9
   Compiling quote v1.0.28
   Compiling syn v2.0.18
   Compiling roxido_macro v0.5.2 (/home/dahl/.cache/R/cargo/rust_fn/rust/roxido_macro)
   Compiling roxido v0.5.2 (/home/dahl/.cache/R/cargo/rust_fn/rust/roxido)
   Compiling roxido88 v0.1.0 (/home/dahl/.cache/R/cargo/rust_fn/rust)
    Finished release [optimized] target(s) in 3.51s
    Updating crates.io index
   Compiling proc-macro2 v1.0.60
   Compiling quote v1.0.28
   Compiling unicode-ident v1.0.9
   Compiling syn v2.0.18
   Compiling roxido_macro v0.5.2 (/home/dahl/.cache/R/cargo/rust_fn/rust/roxido_macro)
   Compiling roxido v0.5.2 (/home/dahl/.cache/R/cargo/rust_fn/rust/roxido)
   Compiling roxido89 v0.1.0 (/home/dahl/.cache/R/cargo/rust_fn/rust)
    Finished release [optimized] target(s) in 3.44s
[ FAIL 0 | WARN 0 | SKIP 0 | PASS 310 ]
rm -rf testpkg
Rscript -e "cargo::new_package('testpkg')"
---
Trying to find a suitable Cargo using tools::R_user_dir('cargo', 'cache').
Trying to use Cargo at: /home/dahl/.cache/R/cargo/cargo/bin/cargo
Cargo version '1.70.0' is available, which satisfies the need for '1.31.0'.
    Updating crates.io index
---
---
Trying to find a suitable Cargo using tools::R_user_dir('cargo', 'cache').
Trying to use Cargo at: /home/dahl/.cache/R/cargo/cargo/bin/cargo
Cargo version '1.70.0' is available, which satisfies the need for '1.31.0'.
   Vendoring proc-macro2 v1.0.60 (/home/dahl/.cache/R/cargo/rustup/registry/src/index.crates.io-6f17d22bba15001f/proc-macro2-1.0.60) to vendor/proc-macro2
   Vendoring quote v1.0.28 (/home/dahl/.cache/R/cargo/rustup/registry/src/index.crates.io-6f17d22bba15001f/quote-1.0.28) to vendor/quote
   Vendoring syn v2.0.18 (/home/dahl/.cache/R/cargo/rustup/registry/src/index.crates.io-6f17d22bba15001f/syn-2.0.18) to vendor/syn
   Vendoring unicode-ident v1.0.9 (/home/dahl/.cache/R/cargo/rustup/registry/src/index.crates.io-6f17d22bba15001f/unicode-ident-1.0.9) to vendor/unicode-ident
To use vendored sources, add this to your .cargo/config.toml for this project:

---
---
Trying to find a suitable Cargo using tools::R_user_dir('cargo', 'cache').
Trying to use Cargo at: /home/dahl/.cache/R/cargo/cargo/bin/cargo
Cargo version '1.70.0' is available, which satisfies the need for '1.31.0'.
---
ℹ Loading testpkg
ℹ Re-compiling testpkg (debug build)
── R CMD INSTALL ───────────────────────────────────────────────────────────────
* installing *source* package ‘testpkg’ ...
** using staged installation
---
Trying to find a suitable Cargo using tools::R_user_dir('cargo', 'cache').
Trying to use Cargo at: /home/dahl/.cache/R/cargo/cargo/bin/cargo
Cargo version '1.70.0' is available, which satisfies the need for '1.58.1'.
   Compiling proc-macro2 v1.0.60
   Compiling quote v1.0.28
   Compiling unicode-ident v1.0.9
   Compiling syn v2.0.18
   Compiling roxido_macro v0.5.2 (/home/dahl/docs/devel/cargo-framework/tests/testpkg/src/rust/roxido_macro)
   Compiling roxido v0.5.2 (/home/dahl/docs/devel/cargo-framework/tests/testpkg/src/rust/roxido)
   Compiling rust v0.1.0 (/home/dahl/docs/devel/cargo-framework/tests/testpkg/src/rust)
    Finished release [optimized] target(s) in 3.84s
---
Built Rust static library.
** libs
using C compiler: ‘gcc (Ubuntu 11.3.0-1ubuntu1~22.04.1) 11.3.0’
gcc -I"/home/dahl/.local/R/4.3.1-latest/lib/R/include" -DNDEBUG   -I/usr/local/include    -fpic  -g -O2  -UNDEBUG -Wall -pedantic -g -O0 -c shim.c -o shim.o
gcc -shared -L/home/dahl/.local/R/4.3.1-latest/lib/R/lib -L/usr/local/lib -o testpkg.so shim.o -L. -lrust -L/home/dahl/.local/R/4.3.1-latest/lib/R/lib -lR
installing to /tmp/RtmpmeCKgD/devtools_install_1965d31c97ca8/00LOCK-testpkg/00new/testpkg/libs
** checking absolute paths in shared objects and dynamic libraries
* DONE (testpkg)
* installing *source* package ‘testpkg’ ...
** using staged installation
---
Trying to find a suitable Cargo using tools::R_user_dir('cargo', 'cache').
Trying to use Cargo at: /home/dahl/.cache/R/cargo/cargo/bin/cargo
Cargo version '1.70.0' is available, which satisfies the need for '1.58.1'.
    Finished release [optimized] target(s) in 0.00s
---
Built Rust static library.
** libs
using C compiler: ‘gcc (Ubuntu 11.3.0-1ubuntu1~22.04.1) 11.3.0’
gcc -shared -L/home/dahl/.local/R/4.3.1-latest/lib/R/lib -L/usr/local/lib -o testpkg.so shim.o -L. -lrust -L/home/dahl/.local/R/4.3.1-latest/lib/R/lib -lR
installing to /home/dahl/.local/R/4.3.1-latest/lib/R/library/00LOCK-testpkg/00new/testpkg/libs
** R
** inst
** byte-compile and prepare package for lazy loading
** help
*** installing help indices
** building package indices
** testing if installed package can be loaded from temporary location
** checking absolute paths in shared objects and dynamic libraries
** testing if installed package can be loaded from final location
** testing if installed package keeps a record of temporary installation path
* DONE (testpkg)
R CMD build testpkg
* checking for file ‘testpkg/DESCRIPTION’ ... OK
* preparing ‘testpkg’:
* checking DESCRIPTION meta-information ... OK
* cleaning src
* checking for LF line-endings in source and make files and shell scripts
* checking for empty or unneeded directories
Removed empty directory ‘testpkg/src/rust/vendor’
* building ‘testpkg_0.1.0.tar.gz’

R CMD check --as-cran --no-manual testpkg_0.1.0.tar.gz
* using log directory ‘/home/dahl/docs/devel/cargo-framework/tests/testpkg.Rcheck’
* using R version 4.3.1 (2023-06-16)
* using platform: x86_64-pc-linux-gnu (64-bit)
* R was compiled by
    gcc (Ubuntu 11.3.0-1ubuntu1~22.04.1) 11.3.0
    GNU Fortran (Ubuntu 11.3.0-1ubuntu1~22.04.1) 11.3.0
* running under: Pop!_OS 22.04 LTS
* using session charset: UTF-8
* using options ‘--no-manual --as-cran’
* checking for file ‘testpkg/DESCRIPTION’ ... OK
* this is package ‘testpkg’ version ‘0.1.0’
* package encoding: UTF-8
* checking CRAN incoming feasibility ... [3s/11s] NOTE
Maintainer: ‘First Last <name@gmail.com>’

New submission
* checking package namespace information ... OK
* checking package dependencies ... OK
* checking if this is a source package ... OK
* checking if there is a namespace ... OK
* checking for executable files ... OK
* checking for hidden files and directories ... OK
* checking for portable file names ... OK
* checking for sufficient/correct file permissions ... OK
* checking whether package ‘testpkg’ can be installed ... OK
* used C compiler: ‘gcc (Ubuntu 11.3.0-1ubuntu1~22.04.1) 11.3.0’
* checking installed package size ... NOTE
  installed size is  5.8Mb
  sub-directories of 1Mb or more:
    libs   5.7Mb
* checking package directory ... OK
* checking for future file timestamps ... OK
* checking DESCRIPTION meta-information ... NOTE
Authors@R field gives persons with invalid ORCID identifiers:
  First Last <name@gmail.com> [aut, cre] (ORCID-ID)
* checking top-level files ... OK
* checking for left-over files ... OK
* checking index information ... OK
* checking package subdirectories ... OK
* checking R files for non-ASCII characters ... OK
* checking R files for syntax errors ... OK
* checking whether the package can be loaded ... OK
* checking whether the package can be loaded with stated dependencies ... OK
* checking whether the package can be unloaded cleanly ... OK
* checking whether the namespace can be loaded with stated dependencies ... OK
* checking whether the namespace can be unloaded cleanly ... OK
* checking use of S3 registration ... OK
* checking dependencies in R code ... OK
* checking S3 generic/method consistency ... OK
* checking replacement functions ... OK
* checking foreign function calls ... OK
* checking R code for possible problems ... OK
* checking Rd files ... OK
* checking Rd metadata ... OK
* checking Rd line widths ... OK
* checking Rd cross-references ... OK
* checking for missing documentation entries ... OK
* checking for code/documentation mismatches ... OK
* checking Rd \usage sections ... OK
* checking Rd contents ... OK
* checking for unstated dependencies in examples ... OK
* checking line endings in shell scripts ... OK
* checking line endings in C/C++/Fortran sources/headers ... OK
* checking line endings in Makefiles ... OK
* checking compilation flags in Makevars ... OK
* checking for GNU extensions in Makefiles ... OK
* checking for portable use of $(BLAS_LIBS) and $(LAPACK_LIBS) ... OK
* checking use of PKG_*FLAGS in Makefiles ... OK
* checking use of SHLIB_OPENMP_*FLAGS in Makefiles ... OK
* checking pragmas in C/C++ headers and code ... OK
* checking compilation flags used ... OK
* checking compiled code ... OK
* checking examples ... OK
* checking for non-standard things in the check directory ... OK
* checking for detritus in the temp directory ... OK
* DONE

Status: 3 NOTEs
See
  ‘/home/dahl/docs/devel/cargo-framework/tests/testpkg.Rcheck/00check.log’
for details.


Rscript -e "set.seed(234); testpkg::myrnorm(3,0,1)"
[1]  0.6607697 -2.0529830 -1.4992061
